{"/home/dunia/ASAC/amman301/data-structures-and-algorithms/401-challenges/linked-list/linkedList.js": {"path":"/home/dunia/ASAC/amman301/data-structures-and-algorithms/401-challenges/linked-list/linkedList.js","statementMap":{"0":{"start":{"line":3,"column":13},"end":{"line":3,"column":30}},"1":{"start":{"line":7,"column":4},"end":{"line":7,"column":21}},"2":{"start":{"line":11,"column":17},"end":{"line":11,"column":32}},"3":{"start":{"line":12,"column":4},"end":{"line":14,"column":5}},"4":{"start":{"line":13,"column":6},"end":{"line":13,"column":28}},"5":{"start":{"line":15,"column":4},"end":{"line":15,"column":21}},"6":{"start":{"line":19,"column":17},"end":{"line":19,"column":22}},"7":{"start":{"line":20,"column":19},"end":{"line":20,"column":28}},"8":{"start":{"line":21,"column":4},"end":{"line":26,"column":5}},"9":{"start":{"line":22,"column":6},"end":{"line":24,"column":7}},"10":{"start":{"line":23,"column":8},"end":{"line":23,"column":31}},"11":{"start":{"line":25,"column":6},"end":{"line":25,"column":31}},"12":{"start":{"line":27,"column":4},"end":{"line":27,"column":18}},"13":{"start":{"line":31,"column":17},"end":{"line":31,"column":19}},"14":{"start":{"line":32,"column":19},"end":{"line":32,"column":28}},"15":{"start":{"line":33,"column":4},"end":{"line":36,"column":5}},"16":{"start":{"line":34,"column":6},"end":{"line":34,"column":44}},"17":{"start":{"line":35,"column":6},"end":{"line":35,"column":31}},"18":{"start":{"line":37,"column":4},"end":{"line":37,"column":21}},"19":{"start":{"line":38,"column":4},"end":{"line":38,"column":18}},"20":{"start":{"line":42,"column":0},"end":{"line":42,"column":28}}},"fnMap":{"0":{"name":"(anonymous_0)","decl":{"start":{"line":6,"column":2},"end":{"line":6,"column":3}},"loc":{"start":{"line":6,"column":16},"end":{"line":8,"column":3}},"line":6},"1":{"name":"(anonymous_1)","decl":{"start":{"line":10,"column":2},"end":{"line":10,"column":3}},"loc":{"start":{"line":10,"column":16},"end":{"line":16,"column":3}},"line":10},"2":{"name":"(anonymous_2)","decl":{"start":{"line":18,"column":2},"end":{"line":18,"column":3}},"loc":{"start":{"line":18,"column":18},"end":{"line":28,"column":3}},"line":18},"3":{"name":"(anonymous_3)","decl":{"start":{"line":30,"column":2},"end":{"line":30,"column":3}},"loc":{"start":{"line":30,"column":13},"end":{"line":39,"column":3}},"line":30}},"branchMap":{"0":{"loc":{"start":{"line":12,"column":4},"end":{"line":14,"column":5}},"type":"if","locations":[{"start":{"line":12,"column":4},"end":{"line":14,"column":5}},{"start":{"line":12,"column":4},"end":{"line":14,"column":5}}],"line":12},"1":{"loc":{"start":{"line":22,"column":6},"end":{"line":24,"column":7}},"type":"if","locations":[{"start":{"line":22,"column":6},"end":{"line":24,"column":7}},{"start":{"line":22,"column":6},"end":{"line":24,"column":7}}],"line":22}},"s":{"0":1,"1":7,"2":14,"3":14,"4":8,"5":14,"6":2,"7":2,"8":2,"9":3,"10":1,"11":2,"12":1,"13":1,"14":1,"15":1,"16":3,"17":3,"18":1,"19":1,"20":1},"f":{"0":7,"1":14,"2":2,"3":1},"b":{"0":[8,6],"1":[1,2]},"_coverageSchema":"1a1c01bbd47fc00a2c39e90264f33305004495a9","hash":"0b62b1730f4d7b882cc25c03a89c7b15141001f1"}
,"/home/dunia/ASAC/amman301/data-structures-and-algorithms/401-challenges/linked-list/node.js": {"path":"/home/dunia/ASAC/amman301/data-structures-and-algorithms/401-challenges/linked-list/node.js","statementMap":{"0":{"start":{"line":5,"column":4},"end":{"line":5,"column":23}},"1":{"start":{"line":6,"column":4},"end":{"line":6,"column":21}},"2":{"start":{"line":10,"column":0},"end":{"line":10,"column":22}}},"fnMap":{"0":{"name":"(anonymous_0)","decl":{"start":{"line":4,"column":2},"end":{"line":4,"column":3}},"loc":{"start":{"line":4,"column":34},"end":{"line":7,"column":3}},"line":4}},"branchMap":{"0":{"loc":{"start":{"line":4,"column":21},"end":{"line":4,"column":32}},"type":"default-arg","locations":[{"start":{"line":4,"column":28},"end":{"line":4,"column":32}}],"line":4}},"s":{"0":15,"1":15,"2":2},"f":{"0":15},"b":{"0":[15]},"_coverageSchema":"1a1c01bbd47fc00a2c39e90264f33305004495a9","hash":"e21f721d69f59964d5740e87ac98deb8c8d6b362"}
}
