TN:
SF:linkedList.js
FN:6,(anonymous_0)
FN:10,(anonymous_1)
FN:18,(anonymous_2)
FN:30,(anonymous_3)
FNF:4
FNH:4
FNDA:7,(anonymous_0)
FNDA:14,(anonymous_1)
FNDA:2,(anonymous_2)
FNDA:1,(anonymous_3)
DA:3,1
DA:7,7
DA:11,14
DA:12,14
DA:13,8
DA:15,14
DA:19,2
DA:20,2
DA:21,2
DA:22,3
DA:23,1
DA:25,2
DA:27,1
DA:31,1
DA:32,1
DA:33,1
DA:34,3
DA:35,3
DA:37,1
DA:38,1
DA:42,1
LF:21
LH:21
BRDA:12,0,0,8
BRDA:12,0,1,6
BRDA:22,1,0,1
BRDA:22,1,1,2
BRF:4
BRH:4
end_of_record
TN:
SF:node.js
FN:4,(anonymous_0)
FNF:1
FNH:1
FNDA:15,(anonymous_0)
DA:5,15
DA:6,15
DA:10,2
LF:3
LH:3
BRDA:4,0,0,15
BRF:1
BRH:1
end_of_record
