<?xml version="1.0" encoding="UTF-8"?>
<coverage generated="1630456055232" clover="3.2.0">
  <project timestamp="1630456055232" name="All files">
    <metrics statements="50" coveredstatements="46" conditionals="14" coveredconditionals="10" methods="13" coveredmethods="12" elements="77" coveredelements="68" complexity="0" loc="50" ncloc="50" packages="1" files="2" classes="2"/>
    <file name="fizzBuzzTree.js" path="/home/dunia/ASAC/amman301/data-structures-and-algorithms/401-challenges/fizzBuzzTree/fizzBuzzTree.js">
      <metrics statements="30" coveredstatements="28" conditionals="12" coveredconditionals="9" methods="5" coveredmethods="5"/>
      <line num="2" count="1" type="stmt"/>
      <line num="6" count="10" type="stmt"/>
      <line num="7" count="10" type="stmt"/>
      <line num="13" count="1" type="stmt"/>
      <line num="16" count="1" type="stmt"/>
      <line num="18" count="1" type="stmt"/>
      <line num="19" count="1" type="cond" truecount="1" falsecount="1"/>
      <line num="20" count="1" type="stmt"/>
      <line num="21" count="1" type="stmt"/>
      <line num="22" count="0" type="stmt"/>
      <line num="23" count="1" type="stmt"/>
      <line num="24" count="10" type="stmt"/>
      <line num="25" count="10" type="stmt"/>
      <line num="27" count="10" type="stmt"/>
      <line num="28" count="9" type="cond" truecount="1" falsecount="1"/>
      <line num="29" count="9" type="stmt"/>
      <line num="32" count="1" type="stmt"/>
      <line num="33" count="1" type="stmt"/>
      <line num="38" count="1" type="cond" truecount="1" falsecount="1"/>
      <line num="39" count="0" type="stmt"/>
      <line num="42" count="1" type="stmt"/>
      <line num="43" count="10" type="cond" truecount="2" falsecount="0"/>
      <line num="44" count="8" type="cond" truecount="2" falsecount="0"/>
      <line num="45" count="4" type="cond" truecount="2" falsecount="0"/>
      <line num="46" count="1" type="stmt"/>
      <line num="48" count="10" type="stmt"/>
      <line num="49" count="9" type="stmt"/>
      <line num="52" count="1" type="stmt"/>
      <line num="53" count="1" type="stmt"/>
      <line num="56" count="1" type="stmt"/>
    </file>
    <file name="queue.js" path="/home/dunia/ASAC/amman301/data-structures-and-algorithms/401-challenges/fizzBuzzTree/queue.js">
      <metrics statements="20" coveredstatements="18" conditionals="2" coveredconditionals="1" methods="8" coveredmethods="7"/>
      <line num="8" count="10" type="stmt"/>
      <line num="9" count="10" type="stmt"/>
      <line num="17" count="1" type="stmt"/>
      <line num="18" count="1" type="stmt"/>
      <line num="19" count="1" type="stmt"/>
      <line num="23" count="10" type="stmt"/>
      <line num="24" count="10" type="stmt"/>
      <line num="25" count="10" type="stmt"/>
      <line num="29" count="10" type="stmt"/>
      <line num="30" count="10" type="stmt"/>
      <line num="31" count="10" type="stmt"/>
      <line num="32" count="10" type="stmt"/>
      <line num="33" count="10" type="stmt"/>
      <line num="36" count="11" type="stmt"/>
      <line num="37" count="11" type="stmt"/>
      <line num="40" count="0" type="stmt"/>
      <line num="43" count="21" type="stmt"/>
      <line num="46" count="21" type="cond" truecount="1" falsecount="1"/>
      <line num="47" count="0" type="stmt"/>
      <line num="52" count="1" type="stmt"/>
    </file>
  </project>
</coverage>
