<?xml version="1.0" encoding="UTF-8"?>
<coverage generated="1631639255395" clover="3.2.0">
  <project timestamp="1631639255396" name="All files">
    <metrics statements="24" coveredstatements="24" conditionals="10" coveredconditionals="9" methods="3" coveredmethods="3" elements="37" coveredelements="36" complexity="0" loc="24" ncloc="24" packages="1" files="1" classes="1"/>
    <file name="quickSort.js" path="/home/dunia/ASAC/amman301/data-structures-and-algorithms/401-challenges/quick-sort/quickSort.js">
      <metrics statements="24" coveredstatements="24" conditionals="10" coveredconditionals="9" methods="3" coveredmethods="3"/>
      <line num="6" count="20" type="cond" truecount="1" falsecount="1"/>
      <line num="7" count="20" type="stmt"/>
      <line num="9" count="20" type="cond" truecount="2" falsecount="0"/>
      <line num="10" count="11" type="stmt"/>
      <line num="13" count="20" type="cond" truecount="2" falsecount="0"/>
      <line num="14" count="5" type="stmt"/>
      <line num="18" count="20" type="stmt"/>
      <line num="22" count="20" type="stmt"/>
      <line num="23" count="20" type="stmt"/>
      <line num="24" count="20" type="stmt"/>
      <line num="25" count="20" type="stmt"/>
      <line num="27" count="27" type="stmt"/>
      <line num="28" count="13" type="stmt"/>
      <line num="31" count="27" type="stmt"/>
      <line num="32" count="15" type="stmt"/>
      <line num="35" count="27" type="cond" truecount="2" falsecount="0"/>
      <line num="36" count="25" type="stmt"/>
      <line num="37" count="25" type="stmt"/>
      <line num="38" count="25" type="stmt"/>
      <line num="41" count="20" type="stmt"/>
      <line num="45" count="25" type="stmt"/>
      <line num="46" count="25" type="stmt"/>
      <line num="47" count="25" type="stmt"/>
      <line num="50" count="1" type="stmt"/>
    </file>
  </project>
</coverage>
