{"/home/dunia/ASAC/amman301/data-structures-and-algorithms/401-challenges/fizzBuzzTree/fizzBuzzTree.js": {"path":"/home/dunia/ASAC/amman301/data-structures-and-algorithms/401-challenges/fizzBuzzTree/fizzBuzzTree.js","statementMap":{"0":{"start":{"line":2,"column":14},"end":{"line":2,"column":32}},"1":{"start":{"line":6,"column":4},"end":{"line":6,"column":23}},"2":{"start":{"line":7,"column":4},"end":{"line":7,"column":21}},"3":{"start":{"line":13,"column":4},"end":{"line":13,"column":19}},"4":{"start":{"line":16,"column":17},"end":{"line":16,"column":19}},"5":{"start":{"line":18,"column":16},"end":{"line":18,"column":27}},"6":{"start":{"line":19,"column":4},"end":{"line":22,"column":31}},"7":{"start":{"line":20,"column":6},"end":{"line":20,"column":26}},"8":{"start":{"line":21,"column":6},"end":{"line":21,"column":29}},"9":{"start":{"line":22,"column":11},"end":{"line":22,"column":31}},"10":{"start":{"line":23,"column":4},"end":{"line":31,"column":5}},"11":{"start":{"line":24,"column":6},"end":{"line":24,"column":38}},"12":{"start":{"line":25,"column":6},"end":{"line":25,"column":33}},"13":{"start":{"line":27,"column":6},"end":{"line":30,"column":9}},"14":{"start":{"line":27,"column":19},"end":{"line":27,"column":20}},"15":{"start":{"line":28,"column":8},"end":{"line":30,"column":9}},"16":{"start":{"line":29,"column":10},"end":{"line":29,"column":45}},"17":{"start":{"line":32,"column":4},"end":{"line":32,"column":24}},"18":{"start":{"line":33,"column":4},"end":{"line":33,"column":18}},"19":{"start":{"line":38,"column":2},"end":{"line":40,"column":3}},"20":{"start":{"line":39,"column":4},"end":{"line":39,"column":32}},"21":{"start":{"line":42,"column":20},"end":{"line":51,"column":3}},"22":{"start":{"line":43,"column":4},"end":{"line":46,"column":38}},"23":{"start":{"line":43,"column":31},"end":{"line":43,"column":54}},"24":{"start":{"line":44,"column":9},"end":{"line":46,"column":38}},"25":{"start":{"line":44,"column":35},"end":{"line":44,"column":54}},"26":{"start":{"line":45,"column":9},"end":{"line":46,"column":38}},"27":{"start":{"line":45,"column":35},"end":{"line":45,"column":54}},"28":{"start":{"line":46,"column":9},"end":{"line":46,"column":38}},"29":{"start":{"line":48,"column":4},"end":{"line":50,"column":5}},"30":{"start":{"line":48,"column":15},"end":{"line":48,"column":16}},"31":{"start":{"line":49,"column":6},"end":{"line":49,"column":34}},"32":{"start":{"line":52,"column":2},"end":{"line":52,"column":23}},"33":{"start":{"line":53,"column":2},"end":{"line":53,"column":14}},"34":{"start":{"line":56,"column":0},"end":{"line":56,"column":49}}},"fnMap":{"0":{"name":"(anonymous_0)","decl":{"start":{"line":5,"column":2},"end":{"line":5,"column":3}},"loc":{"start":{"line":5,"column":21},"end":{"line":8,"column":3}},"line":5},"1":{"name":"(anonymous_1)","decl":{"start":{"line":12,"column":2},"end":{"line":12,"column":3}},"loc":{"start":{"line":12,"column":15},"end":{"line":14,"column":3}},"line":12},"2":{"name":"(anonymous_2)","decl":{"start":{"line":15,"column":2},"end":{"line":15,"column":3}},"loc":{"start":{"line":15,"column":12},"end":{"line":35,"column":3}},"line":15},"3":{"name":"fizzBuzzTree","decl":{"start":{"line":37,"column":9},"end":{"line":37,"column":21}},"loc":{"start":{"line":37,"column":28},"end":{"line":54,"column":1}},"line":37},"4":{"name":"(anonymous_4)","decl":{"start":{"line":42,"column":20},"end":{"line":42,"column":21}},"loc":{"start":{"line":42,"column":30},"end":{"line":51,"column":3}},"line":42}},"branchMap":{"0":{"loc":{"start":{"line":19,"column":4},"end":{"line":22,"column":31}},"type":"if","locations":[{"start":{"line":19,"column":4},"end":{"line":22,"column":31}},{"start":{"line":19,"column":4},"end":{"line":22,"column":31}}],"line":19},"1":{"loc":{"start":{"line":28,"column":8},"end":{"line":30,"column":9}},"type":"if","locations":[{"start":{"line":28,"column":8},"end":{"line":30,"column":9}},{"start":{"line":28,"column":8},"end":{"line":30,"column":9}}],"line":28},"2":{"loc":{"start":{"line":38,"column":2},"end":{"line":40,"column":3}},"type":"if","locations":[{"start":{"line":38,"column":2},"end":{"line":40,"column":3}},{"start":{"line":38,"column":2},"end":{"line":40,"column":3}}],"line":38},"3":{"loc":{"start":{"line":43,"column":4},"end":{"line":46,"column":38}},"type":"if","locations":[{"start":{"line":43,"column":4},"end":{"line":46,"column":38}},{"start":{"line":43,"column":4},"end":{"line":46,"column":38}}],"line":43},"4":{"loc":{"start":{"line":44,"column":9},"end":{"line":46,"column":38}},"type":"if","locations":[{"start":{"line":44,"column":9},"end":{"line":46,"column":38}},{"start":{"line":44,"column":9},"end":{"line":46,"column":38}}],"line":44},"5":{"loc":{"start":{"line":45,"column":9},"end":{"line":46,"column":38}},"type":"if","locations":[{"start":{"line":45,"column":9},"end":{"line":46,"column":38}},{"start":{"line":45,"column":9},"end":{"line":46,"column":38}}],"line":45}},"s":{"0":1,"1":10,"2":10,"3":1,"4":1,"5":1,"6":1,"7":1,"8":1,"9":0,"10":1,"11":10,"12":10,"13":10,"14":10,"15":9,"16":9,"17":1,"18":1,"19":1,"20":0,"21":1,"22":10,"23":2,"24":8,"25":4,"26":4,"27":3,"28":1,"29":10,"30":10,"31":9,"32":1,"33":1,"34":1},"f":{"0":10,"1":1,"2":1,"3":1,"4":10},"b":{"0":[1,0],"1":[9,0],"2":[0,1],"3":[2,8],"4":[4,4],"5":[3,1]},"_coverageSchema":"1a1c01bbd47fc00a2c39e90264f33305004495a9","hash":"5c8bfd247f94e2e66fd42bd49d4da0f3d0ed4484"}
,"/home/dunia/ASAC/amman301/data-structures-and-algorithms/401-challenges/fizzBuzzTree/queue.js": {"path":"/home/dunia/ASAC/amman301/data-structures-and-algorithms/401-challenges/fizzBuzzTree/queue.js","statementMap":{"0":{"start":{"line":8,"column":4},"end":{"line":8,"column":23}},"1":{"start":{"line":9,"column":4},"end":{"line":9,"column":21}},"2":{"start":{"line":17,"column":4},"end":{"line":17,"column":17}},"3":{"start":{"line":18,"column":4},"end":{"line":18,"column":20}},"4":{"start":{"line":19,"column":4},"end":{"line":19,"column":21}},"5":{"start":{"line":23,"column":15},"end":{"line":23,"column":30}},"6":{"start":{"line":24,"column":4},"end":{"line":24,"column":33}},"7":{"start":{"line":25,"column":4},"end":{"line":25,"column":15}},"8":{"start":{"line":29,"column":4},"end":{"line":29,"column":23}},"9":{"start":{"line":30,"column":25},"end":{"line":30,"column":49}},"10":{"start":{"line":31,"column":4},"end":{"line":31,"column":36}},"11":{"start":{"line":32,"column":4},"end":{"line":32,"column":18}},"12":{"start":{"line":33,"column":4},"end":{"line":33,"column":26}},"13":{"start":{"line":36,"column":4},"end":{"line":36,"column":23}},"14":{"start":{"line":37,"column":4},"end":{"line":37,"column":36}},"15":{"start":{"line":40,"column":4},"end":{"line":40,"column":32}},"16":{"start":{"line":43,"column":4},"end":{"line":43,"column":26}},"17":{"start":{"line":46,"column":4},"end":{"line":48,"column":5}},"18":{"start":{"line":47,"column":6},"end":{"line":47,"column":38}},"19":{"start":{"line":52,"column":0},"end":{"line":52,"column":23}}},"fnMap":{"0":{"name":"(anonymous_0)","decl":{"start":{"line":7,"column":2},"end":{"line":7,"column":3}},"loc":{"start":{"line":7,"column":21},"end":{"line":10,"column":3}},"line":7},"1":{"name":"(anonymous_1)","decl":{"start":{"line":16,"column":2},"end":{"line":16,"column":3}},"loc":{"start":{"line":16,"column":16},"end":{"line":20,"column":3}},"line":16},"2":{"name":"(anonymous_2)","decl":{"start":{"line":22,"column":2},"end":{"line":22,"column":3}},"loc":{"start":{"line":22,"column":17},"end":{"line":26,"column":3}},"line":22},"3":{"name":"(anonymous_3)","decl":{"start":{"line":28,"column":2},"end":{"line":28,"column":3}},"loc":{"start":{"line":28,"column":11},"end":{"line":34,"column":3}},"line":28},"4":{"name":"(anonymous_4)","decl":{"start":{"line":35,"column":2},"end":{"line":35,"column":3}},"loc":{"start":{"line":35,"column":8},"end":{"line":38,"column":3}},"line":35},"5":{"name":"(anonymous_5)","decl":{"start":{"line":39,"column":2},"end":{"line":39,"column":3}},"loc":{"start":{"line":39,"column":8},"end":{"line":41,"column":3}},"line":39},"6":{"name":"(anonymous_6)","decl":{"start":{"line":42,"column":2},"end":{"line":42,"column":3}},"loc":{"start":{"line":42,"column":11},"end":{"line":44,"column":3}},"line":42},"7":{"name":"(anonymous_7)","decl":{"start":{"line":45,"column":2},"end":{"line":45,"column":3}},"loc":{"start":{"line":45,"column":15},"end":{"line":49,"column":3}},"line":45}},"branchMap":{"0":{"loc":{"start":{"line":46,"column":4},"end":{"line":48,"column":5}},"type":"if","locations":[{"start":{"line":46,"column":4},"end":{"line":48,"column":5}},{"start":{"line":46,"column":4},"end":{"line":48,"column":5}}],"line":46}},"s":{"0":10,"1":10,"2":1,"3":1,"4":1,"5":10,"6":10,"7":10,"8":10,"9":10,"10":10,"11":10,"12":10,"13":11,"14":11,"15":0,"16":21,"17":21,"18":0,"19":1},"f":{"0":10,"1":1,"2":10,"3":10,"4":11,"5":0,"6":21,"7":21},"b":{"0":[0,21]},"_coverageSchema":"1a1c01bbd47fc00a2c39e90264f33305004495a9","hash":"93f94ee89ce21a318820255fdfd9a00626072547"}
}
