{"/home/dunia/ASAC/amman301/data-structures-and-algorithms/401-challenges/quick-sort/quickSort.js": {"path":"/home/dunia/ASAC/amman301/data-structures-and-algorithms/401-challenges/quick-sort/quickSort.js","statementMap":{"0":{"start":{"line":6,"column":2},"end":{"line":17,"column":3}},"1":{"start":{"line":7,"column":4},"end":{"line":7,"column":38}},"2":{"start":{"line":9,"column":4},"end":{"line":11,"column":5}},"3":{"start":{"line":10,"column":6},"end":{"line":10,"column":35}},"4":{"start":{"line":13,"column":4},"end":{"line":15,"column":5}},"5":{"start":{"line":14,"column":6},"end":{"line":14,"column":34}},"6":{"start":{"line":18,"column":2},"end":{"line":18,"column":13}},"7":{"start":{"line":22,"column":14},"end":{"line":22,"column":47}},"8":{"start":{"line":23,"column":10},"end":{"line":23,"column":14}},"9":{"start":{"line":24,"column":10},"end":{"line":24,"column":15}},"10":{"start":{"line":25,"column":2},"end":{"line":40,"column":3}},"11":{"start":{"line":27,"column":4},"end":{"line":29,"column":5}},"12":{"start":{"line":28,"column":6},"end":{"line":28,"column":10}},"13":{"start":{"line":31,"column":4},"end":{"line":33,"column":5}},"14":{"start":{"line":32,"column":6},"end":{"line":32,"column":10}},"15":{"start":{"line":35,"column":4},"end":{"line":39,"column":5}},"16":{"start":{"line":36,"column":6},"end":{"line":36,"column":22}},"17":{"start":{"line":37,"column":6},"end":{"line":37,"column":10}},"18":{"start":{"line":38,"column":6},"end":{"line":38,"column":10}},"19":{"start":{"line":41,"column":2},"end":{"line":41,"column":11}},"20":{"start":{"line":45,"column":13},"end":{"line":45,"column":19}},"21":{"start":{"line":46,"column":2},"end":{"line":46,"column":18}},"22":{"start":{"line":47,"column":2},"end":{"line":47,"column":16}},"23":{"start":{"line":50,"column":0},"end":{"line":50,"column":28}}},"fnMap":{"0":{"name":"_quickSort","decl":{"start":{"line":3,"column":9},"end":{"line":3,"column":19}},"loc":{"start":{"line":3,"column":56},"end":{"line":19,"column":1}},"line":3},"1":{"name":"partition","decl":{"start":{"line":21,"column":9},"end":{"line":21,"column":18}},"loc":{"start":{"line":21,"column":37},"end":{"line":42,"column":1}},"line":21},"2":{"name":"swap","decl":{"start":{"line":44,"column":9},"end":{"line":44,"column":13}},"loc":{"start":{"line":44,"column":24},"end":{"line":48,"column":1}},"line":44}},"branchMap":{"0":{"loc":{"start":{"line":3,"column":25},"end":{"line":3,"column":33}},"type":"default-arg","locations":[{"start":{"line":3,"column":32},"end":{"line":3,"column":33}}],"line":3},"1":{"loc":{"start":{"line":3,"column":35},"end":{"line":3,"column":55}},"type":"default-arg","locations":[{"start":{"line":3,"column":43},"end":{"line":3,"column":55}}],"line":3},"2":{"loc":{"start":{"line":6,"column":2},"end":{"line":17,"column":3}},"type":"if","locations":[{"start":{"line":6,"column":2},"end":{"line":17,"column":3}},{"start":{"line":6,"column":2},"end":{"line":17,"column":3}}],"line":6},"3":{"loc":{"start":{"line":9,"column":4},"end":{"line":11,"column":5}},"type":"if","locations":[{"start":{"line":9,"column":4},"end":{"line":11,"column":5}},{"start":{"line":9,"column":4},"end":{"line":11,"column":5}}],"line":9},"4":{"loc":{"start":{"line":13,"column":4},"end":{"line":15,"column":5}},"type":"if","locations":[{"start":{"line":13,"column":4},"end":{"line":15,"column":5}},{"start":{"line":13,"column":4},"end":{"line":15,"column":5}}],"line":13},"5":{"loc":{"start":{"line":35,"column":4},"end":{"line":39,"column":5}},"type":"if","locations":[{"start":{"line":35,"column":4},"end":{"line":39,"column":5}},{"start":{"line":35,"column":4},"end":{"line":39,"column":5}}],"line":35}},"s":{"0":20,"1":20,"2":20,"3":11,"4":20,"5":5,"6":20,"7":20,"8":20,"9":20,"10":20,"11":27,"12":13,"13":27,"14":15,"15":27,"16":25,"17":25,"18":25,"19":20,"20":25,"21":25,"22":25,"23":1},"f":{"0":20,"1":20,"2":25},"b":{"0":[4],"1":[4],"2":[20,0],"3":[11,9],"4":[5,15],"5":[25,2]},"_coverageSchema":"1a1c01bbd47fc00a2c39e90264f33305004495a9","hash":"feea4a83d72e6e8e20bb919081b8381563ab7c03"}
}
