TN:
SF:401-challenges/graph-breadth-first/graph-breadth-first.js
FN:7,(anonymous_0)
FN:13,(anonymous_1)
FN:20,(anonymous_2)
FN:24,(anonymous_3)
FN:29,(anonymous_4)
FN:46,(anonymous_5)
FN:53,(anonymous_6)
FN:59,(anonymous_7)
FN:63,(anonymous_8)
FN:72,(anonymous_9)
FNF:10
FNH:8
FNDA:0,(anonymous_0)
FNDA:22,(anonymous_1)
FNDA:3,(anonymous_2)
FNDA:13,(anonymous_3)
FNDA:22,(anonymous_4)
FNDA:0,(anonymous_5)
FNDA:1,(anonymous_6)
FNDA:3,(anonymous_7)
FNDA:4,(anonymous_8)
FNDA:100,(anonymous_9)
DA:8,0
DA:14,22
DA:15,22
DA:21,3
DA:25,13
DA:30,22
DA:31,0
DA:32,0
DA:34,0
DA:35,0
DA:37,0
DA:38,0
DA:42,22
DA:43,22
DA:47,0
DA:48,0
DA:49,0
DA:54,1
DA:55,0
DA:57,1
DA:60,3
DA:64,4
DA:65,4
DA:66,4
DA:67,4
DA:68,36
DA:70,36
DA:72,36
DA:73,100
DA:74,32
DA:79,4
DA:94,1
LF:32
LH:21
BRDA:30,0,0,0
BRDA:30,0,1,22
BRDA:30,1,0,22
BRDA:30,1,1,22
BRDA:31,2,0,0
BRDA:31,2,1,0
BRDA:31,3,0,0
BRDA:31,3,1,0
BRDA:34,4,0,0
BRDA:34,4,1,0
BRDA:37,5,0,0
BRDA:37,5,1,0
BRDA:54,6,0,0
BRDA:54,6,1,1
BRDA:73,7,0,32
BRDA:73,7,1,68
BRF:16
BRH:6
end_of_record
TN:
SF:401-challenges/graph-breadth-first/vertex.js
FN:5,(anonymous_0)
FNF:1
FNH:1
FNDA:12,(anonymous_0)
DA:6,12
DA:10,1
LF:2
LH:2
BRF:0
BRH:0
end_of_record
