TN:
SF:401-challenges/stack-queue-brackets/validateBrackets.js
FN:3,(anonymous_0)
FNF:1
FNH:1
FNDA:10,(anonymous_0)
DA:3,1
DA:4,10
DA:5,10
DA:7,10
DA:8,71
DA:9,23
DA:11,71
DA:12,21
DA:16,10
DA:17,4
DA:19,6
DA:21,17
DA:26,16
DA:28,1
DA:32,6
DA:37,1
LF:16
LH:16
BRDA:8,0,0,23
BRDA:8,0,1,48
BRDA:8,1,0,71
BRDA:8,1,1,63
BRDA:8,1,2,56
BRDA:11,2,0,21
BRDA:11,2,1,50
BRDA:11,3,0,71
BRDA:11,3,1,65
BRDA:11,3,2,58
BRDA:16,4,0,4
BRDA:16,4,1,6
BRDA:16,5,0,10
BRDA:16,5,1,6
BRDA:21,6,0,16
BRDA:21,6,1,1
BRDA:22,7,0,17
BRDA:22,7,1,5
BRDA:22,7,2,12
BRDA:22,7,3,6
BRDA:22,7,4,6
BRDA:22,7,5,6
BRF:22
BRH:22
end_of_record
